---------------------------------------------
SLURM job ID:        975611
SLURM job node list: gpu003
DATE:                Fri Jan 24 12:57:57 PM CET 2025
---------------------------------------------
/var/spool/slurm/d/job975611/slurm_script: line 26: .venv/bin/activate: No such file or directory
2025-01-24 12:58:17.229470: I tensorflow/core/util/port.cc:113] oneDNN custom operations are on. You may see slightly different numerical results due to floating-point round-off errors from different computation orders. To turn them off, set the environment variable `TF_ENABLE_ONEDNN_OPTS=0`.
2025-01-24 12:58:17.531373: E external/local_xla/xla/stream_executor/cuda/cuda_dnn.cc:9261] Unable to register cuDNN factory: Attempting to register factory for plugin cuDNN when one has already been registered
2025-01-24 12:58:17.532471: E external/local_xla/xla/stream_executor/cuda/cuda_fft.cc:607] Unable to register cuFFT factory: Attempting to register factory for plugin cuFFT when one has already been registered
2025-01-24 12:58:17.540070: E external/local_xla/xla/stream_executor/cuda/cuda_blas.cc:1515] Unable to register cuBLAS factory: Attempting to register factory for plugin cuBLAS when one has already been registered
2025-01-24 12:58:17.564228: I tensorflow/core/platform/cpu_feature_guard.cc:182] This TensorFlow binary is optimized to use available CPU instructions in performance-critical operations.
To enable the following instructions: AVX2 AVX512F AVX512_VNNI FMA, in other operations, rebuild TensorFlow with the appropriate compiler flags.
2025-01-24 12:58:22.102363: W tensorflow/compiler/tf2tensorrt/utils/py_utils.cc:38] TF-TRT Warning: Could not find TensorRT
Traceback (most recent call last):
  File "/u/dssc/scandu00/transformers/src/transformers/models/stldec/train-16batch.py", line 51, in <module>
    tokenizer = STLTokenizer('tokenizer.json')
  File "/orfeo/cephfs/home/dssc/scandu00/transformers/src/transformers/models/stldec/handcoded_tokenizer.py", line 44, in __init__
    self.vocab = load_json(vocab_path)
  File "/orfeo/cephfs/home/dssc/scandu00/transformers/src/transformers/models/stldec/handcoded_tokenizer.py", line 20, in load_json
    with open(path, "r") as f:
FileNotFoundError: [Errno 2] No such file or directory: 'tokenizer.json'
DONE!
