Loading python/3.11.6--gcc--8.5.0
  Loading requirement: bzip2/1.0.8-gp5wcz5 libmd/1.0.4-wja3f5q
    libbsd/0.11.7-cgxjopl expat/2.5.0-bptl3xw ncurses/6.4-asx3jea
    readline/8.2-nyw6mp6 gdbm/1.23-fs6otck libiconv/1.17-d7yvx2s
    xz/5.4.1-hubmwr5 zlib-ng/2.1.4-6htiapk libxml2/2.10.3-5eeeokp
    pigz/2.7-bopr5vp zstd/1.5.5-gawytfl tar/1.34-amqus5s gettext/0.22.3-2g7elif
    libffi/3.4.4-6r7brdq libxcrypt/4.4.35-ss2rzin sqlite/3.43.2
    util-linux-uuid/2.38.1-jkdi7kv
Running on  nodes
---------------------------------------------
SLURM job ID:        13876946
SLURM job node list: lrdn3420
DATE:                Thu Mar 13 23:22:13 CET 2025
---------------------------------------------
Detected kernel version 4.18.0, which is below the recommended minimum of 5.5.0; this can cause the process to hang. It is recommended to upgrade the kernel to the minimum version or higher.
balanced/step_24000
                                                   0                                       gold formula
0  ( ( ( ( x_0 >= 0.163 or x_0 >= 0.136 ) or ( x_...  eventually[14,26] ( not ( not ( ( ( ( not ( x_...
1  ( ( ( ( x_2 >= -0.166 or x_1 >= -0.166 ) and (...  ( not ( not ( ( ( ( not ( x_2 <= 0.0759 ) unti...
2  ( ( ( ( ( x_0 >= 0.153 or x_0 >= 0.154 ) or ( ...  ( always[18,23] ( ( ( always[8,inf] ( eventual...
3  ( ( ( ( x_2 >= 0.626 or x_0 >= -0.663 ) and ( ...  always[29,31] ( ( not ( ( eventually[18,34] ( ...
4  ( ( ( ( ( x_1 >= -0.133 or x_1 >= -0.133 ) or ...  eventually ( ( ( not ( ( ( not ( x_0 <= 0.362 ...
DONE!
