Loading python/3.11.6--gcc--8.5.0
  Loading requirement: bzip2/1.0.8-gp5wcz5 libmd/1.0.4-wja3f5q
    libbsd/0.11.7-cgxjopl expat/2.5.0-bptl3xw ncurses/6.4-asx3jea
    readline/8.2-nyw6mp6 gdbm/1.23-fs6otck libiconv/1.17-d7yvx2s
    xz/5.4.1-hubmwr5 zlib-ng/2.1.4-6htiapk libxml2/2.10.3-5eeeokp
    pigz/2.7-bopr5vp zstd/1.5.5-gawytfl tar/1.34-amqus5s gettext/0.22.3-2g7elif
    libffi/3.4.4-6r7brdq libxcrypt/4.4.35-ss2rzin sqlite/3.43.2
    util-linux-uuid/2.38.1-jkdi7kv
Running on  nodes
---------------------------------------------
SLURM job ID:        12306369
SLURM job node list: lrdn3396
DATE:                Mon Feb 10 12:51:40 CET 2025
---------------------------------------------
Detected kernel version 4.18.0, which is below the recommended minimum of 5.5.0; this can cause the process to hang. It is recommended to upgrade the kernel to the minimum version or higher.
02/10/2025 12:52:15 - INFO - __main__ - ***** Running training *****
02/10/2025 12:52:15 - INFO - __main__ -   Num examples = 78773
02/10/2025 12:52:15 - INFO - __main__ -   Num Epochs = 10
02/10/2025 12:52:15 - INFO - __main__ -   Instantaneous batch size per device = 32
02/10/2025 12:52:15 - INFO - __main__ -   Total train batch size (w. parallel, distributed & accumulation) = 32
02/10/2025 12:52:15 - INFO - __main__ -   Gradient Accumulation steps = 1
02/10/2025 12:52:15 - INFO - __main__ -   Max optimization steps = 50000
  0%|          | 0/50000 [00:00<?, ?it/s]02/10/2025 12:52:15 - INFO - accelerate.accelerator - Loading states from tf_output_test_16batch/step_12000
02/10/2025 12:52:17 - INFO - accelerate.checkpointing - All model weights loaded successfully
02/10/2025 12:52:18 - INFO - accelerate.checkpointing - All optimizer states loaded successfully
02/10/2025 12:52:18 - INFO - accelerate.checkpointing - All scheduler states loaded successfully
02/10/2025 12:52:18 - INFO - accelerate.checkpointing - All dataloader sampler states loaded successfully
02/10/2025 12:52:18 - INFO - accelerate.checkpointing - All random states loaded successfully
02/10/2025 12:52:18 - INFO - accelerate.accelerator - Loading in 0 custom states
02/10/2025 12:52:18 - INFO - __main__ - Starting epoch = 4, resume step = 12000
02/10/2025 12:52:18 - INFO - __main__ - Resuming training from the specified step
02/10/2025 12:52:18 - INFO - __main__ - Total expected steps: 3100
02/10/2025 12:53:03 - INFO - __main__ -   Loss = 0.11592455208301544, epoch = 4, step = 2152
  0%|          | 1/50000 [00:47<661:48:14, 47.65s/it]02/10/2025 12:53:24 - INFO - __main__ -   Loss = 0.13177739083766937, epoch = 4, step = 2153
srun: Job step aborted: Waiting up to 92 seconds for job step to finish.
slurmstepd: error: *** JOB 12306369 ON lrdn3396 CANCELLED AT 2025-02-10T12:53:44 ***
  0%|          | 2/50000 [01:08<443:56:59, 31.97s/it]slurmstepd: error: *** STEP 12306369.0 ON lrdn3396 CANCELLED AT 2025-02-10T12:53:44 ***
