Loading python/3.11.6--gcc--8.5.0
  Loading requirement: bzip2/1.0.8-gp5wcz5 libmd/1.0.4-wja3f5q
    libbsd/0.11.7-cgxjopl expat/2.5.0-bptl3xw ncurses/6.4-asx3jea
    readline/8.2-nyw6mp6 gdbm/1.23-fs6otck libiconv/1.17-d7yvx2s
    xz/5.4.1-hubmwr5 zlib-ng/2.1.4-6htiapk libxml2/2.10.3-5eeeokp
    pigz/2.7-bopr5vp zstd/1.5.5-gawytfl tar/1.34-amqus5s gettext/0.22.3-2g7elif
    libffi/3.4.4-6r7brdq libxcrypt/4.4.35-ss2rzin sqlite/3.43.2
    util-linux-uuid/2.38.1-jkdi7kv
Running on  nodes
---------------------------------------------
SLURM job ID:        12602152
SLURM job node list: lrdn3383
DATE:                Sun Feb 16 16:19:34 CET 2025
---------------------------------------------
Traceback (most recent call last):
  File "/leonardo/home/userexternal/scanduss/transformers/src/transformers/models/stldec/generate_sets.py", line 98, in <module>
    depth_5['Embedding'] = embed_generated_formulae(depth_5)
                           ^^^^^^^^^^^^^^^^^^^^^^^^^^^^^^^^^
  File "/leonardo/home/userexternal/scanduss/transformers/src/transformers/models/stldec/generate_sets.py", line 81, in embed_generated_formulae
    formulae_embeddings = encoder.compute_embeddings(df['Formula'])
                          ^^^^^^^^^^^^^^^^^^^^^^^^^^^^^^^^^^^^^^^^^
  File "/leonardo/home/userexternal/scanduss/transformers/src/transformers/models/stldec/encoder.py", line 42, in compute_embeddings
    return self.kernel.compute_bag_bag(converted_formula, self.anchor_set)
           ^^^^^^^^^^^^^^^^^^^^^^^^^^^^^^^^^^^^^^^^^^^^^^^^^^^^^^^^^^^^^^^
  File "/leonardo/home/userexternal/scanduss/transformers/src/transformers/models/stldec/kernel.py", line 69, in compute_bag_bag
    rhos1, selfk1 = self._compute_robustness_no_time(phis1)
                    ^^^^^^^^^^^^^^^^^^^^^^^^^^^^^^^^^^^^^^^
  File "/leonardo/home/userexternal/scanduss/transformers/src/transformers/models/stldec/kernel.py", line 129, in _compute_robustness_no_time
    rho = phi.quantitative(self.signals, evaluate_at_all_times=False)
          ^^^^^^^^^^^^^^^^^^^^^^^^^^^^^^^^^^^^^^^^^^^^^^^^^^^^^^^^^^^
  File "/leonardo/home/userexternal/scanduss/transformers/src/transformers/models/stldec/stl.py", line 88, in quantitative
    z: Tensor = self._quantitative(x, normalize)
                ^^^^^^^^^^^^^^^^^^^^^^^^^^^^^^^^
  File "/leonardo/home/userexternal/scanduss/transformers/src/transformers/models/stldec/stl.py", line 521, in _quantitative
    z: Tensor = timed_until._quantitative(x, normalize=normalize)
                ^^^^^^^^^^^^^^^^^^^^^^^^^^^^^^^^^^^^^^^^^^^^^^^^^
  File "/leonardo/home/userexternal/scanduss/transformers/src/transformers/models/stldec/stl.py", line 216, in _quantitative
    z1: Tensor = self.left_child._quantitative(x, normalize)
                 ^^^^^^^^^^^^^^^^^^^^^^^^^^^^^^^^^^^^^^^^^^^
  File "/leonardo/home/userexternal/scanduss/transformers/src/transformers/models/stldec/stl.py", line 319, in _quantitative
    z1: Tensor = self.child._quantitative(x[:, :, self.left_time_bound:], normalize)
                 ^^^^^^^^^^^^^^^^^^^^^^^^^^^^^^^^^^^^^^^^^^^^^^^^^^^^^^^^^^^^^^^^^^^
  File "/leonardo/home/userexternal/scanduss/transformers/src/transformers/models/stldec/stl.py", line 256, in _quantitative
    z1: Tensor = self.left_child._quantitative(x, normalize)
                 ^^^^^^^^^^^^^^^^^^^^^^^^^^^^^^^^^^^^^^^^^^^
  File "/leonardo/home/userexternal/scanduss/transformers/src/transformers/models/stldec/stl.py", line 319, in _quantitative
    z1: Tensor = self.child._quantitative(x[:, :, self.left_time_bound:], normalize)
                 ^^^^^^^^^^^^^^^^^^^^^^^^^^^^^^^^^^^^^^^^^^^^^^^^^^^^^^^^^^^^^^^^^^^
  File "/leonardo/home/userexternal/scanduss/transformers/src/transformers/models/stldec/stl.py", line 319, in _quantitative
    z1: Tensor = self.child._quantitative(x[:, :, self.left_time_bound:], normalize)
                 ^^^^^^^^^^^^^^^^^^^^^^^^^^^^^^^^^^^^^^^^^^^^^^^^^^^^^^^^^^^^^^^^^^^
  File "/leonardo/home/userexternal/scanduss/transformers/src/transformers/models/stldec/stl.py", line 151, in _quantitative
    xj: Tensor = x[:, self.var_index, :]
                 ~^^^^^^^^^^^^^^^^^^^^^^
IndexError: index 3 is out of bounds for dimension 1 with size 3
srun: error: lrdn3383: task 0: Exited with exit code 1
DONE!
