Loading python/3.11.6--gcc--8.5.0
  Loading requirement: bzip2/1.0.8-gp5wcz5 libmd/1.0.4-wja3f5q
    libbsd/0.11.7-cgxjopl expat/2.5.0-bptl3xw ncurses/6.4-asx3jea
    readline/8.2-nyw6mp6 gdbm/1.23-fs6otck libiconv/1.17-d7yvx2s
    xz/5.4.1-hubmwr5 zlib-ng/2.1.4-6htiapk libxml2/2.10.3-5eeeokp
    pigz/2.7-bopr5vp zstd/1.5.5-gawytfl tar/1.34-amqus5s gettext/0.22.3-2g7elif
    libffi/3.4.4-6r7brdq libxcrypt/4.4.35-ss2rzin sqlite/3.43.2
    util-linux-uuid/2.38.1-jkdi7kv
Running on  nodes
---------------------------------------------
SLURM job ID:        12102795
SLURM job node list: lrdn3298
DATE:                Tue Feb  4 17:28:03 CET 2025
---------------------------------------------
Traceback (most recent call last):
  File "/leonardo/home/userexternal/scanduss/transformers/src/transformers/models/stldec/training.py", line 58, in <module>
    args = json.load(f)
           ^^^^^^^^^^^^
  File "/leonardo/prod/spack/5.2/install/0.21/linux-rhel8-icelake/gcc-8.5.0/python-3.11.6-i5k3c6ggftqkzgqyymfbkynpgm2lgjtd/lib/python3.11/json/__init__.py", line 293, in load
    return loads(fp.read(),
           ^^^^^^^^^^^^^^^^
  File "/leonardo/prod/spack/5.2/install/0.21/linux-rhel8-icelake/gcc-8.5.0/python-3.11.6-i5k3c6ggftqkzgqyymfbkynpgm2lgjtd/lib/python3.11/json/__init__.py", line 346, in loads
    return _default_decoder.decode(s)
           ^^^^^^^^^^^^^^^^^^^^^^^^^^
  File "/leonardo/prod/spack/5.2/install/0.21/linux-rhel8-icelake/gcc-8.5.0/python-3.11.6-i5k3c6ggftqkzgqyymfbkynpgm2lgjtd/lib/python3.11/json/decoder.py", line 337, in decode
    obj, end = self.raw_decode(s, idx=_w(s, 0).end())
               ^^^^^^^^^^^^^^^^^^^^^^^^^^^^^^^^^^^^^^
  File "/leonardo/prod/spack/5.2/install/0.21/linux-rhel8-icelake/gcc-8.5.0/python-3.11.6-i5k3c6ggftqkzgqyymfbkynpgm2lgjtd/lib/python3.11/json/decoder.py", line 355, in raw_decode
    raise JSONDecodeError("Expecting value", s, err.value) from None
json.decoder.JSONDecodeError: Expecting value: line 23 column 31 (char 708)
srun: error: lrdn3298: task 0: Exited with exit code 1
DONE!
