Loading python/3.11.6--gcc--8.5.0
  Loading requirement: bzip2/1.0.8-gp5wcz5 libmd/1.0.4-wja3f5q
    libbsd/0.11.7-cgxjopl expat/2.5.0-bptl3xw ncurses/6.4-asx3jea
    readline/8.2-nyw6mp6 gdbm/1.23-fs6otck libiconv/1.17-d7yvx2s
    xz/5.4.1-hubmwr5 zlib-ng/2.1.4-6htiapk libxml2/2.10.3-5eeeokp
    pigz/2.7-bopr5vp zstd/1.5.5-gawytfl tar/1.34-amqus5s gettext/0.22.3-2g7elif
    libffi/3.4.4-6r7brdq libxcrypt/4.4.35-ss2rzin sqlite/3.43.2
    util-linux-uuid/2.38.1-jkdi7kv
Running on  nodes
---------------------------------------------
SLURM job ID:        13873358
SLURM job node list: lrdn3436
DATE:                Thu Mar 13 19:51:39 CET 2025
---------------------------------------------
Detected kernel version 4.18.0, which is below the recommended minimum of 5.5.0; this can cause the process to hang. It is recommended to upgrade the kernel to the minimum version or higher.
Running on cuda
/s always[19,inf] ( x_0 >= -0.2525 ) s
/s eventually[19,inf] ( x_0 >= -0.0255 ) s
/s eventually[19,inf] ( ( x_0 >= -0.0225 or x_0 >= -0.0225 ) ) s
/s eventually[19,inf] ( ( x_0 >= -0.0225 or x_0 >= 0.0225 ) ) s
/s eventually[19,inf] ( ( x_0 >= -0.0225 or x_0 >= 0.0225 ) ) s
/s eventually[19,inf] ( x_0 >= -0.1525 ) s
/s eventually[19,inf] ( x_0 >= -0.1525 ) s
/s eventually[19,inf] ( ( x_0 >= -0.0225 or x_0 >= 0.0225 ) ) s
/s eventually[19,inf] ( x_0 >= -0.1525 ) s
/s eventually[19,inf] ( ( x_0 >= -0.0225 until[19,21] x_0 >= 0.0225 ) ) s
Current seed:  47
Accuracy:  1.0 Precision:  1.0 Recall:  1.0 Misclassification Rate:  0.0
Best formula:  always ( x_0 >= -15.8091 ) obj value:  7.040249824523926
Best formula with scaled parameters:  always ( x_0 >= -15.0957 )
Execution time = 00:04:29
/s eventually[19,inf] ( ( x_0 >= -0.2295 or x_0 >= 0.3225 ) ) s
/s eventually[19,inf] ( ( x_0 >= -0.2295 or x_0 >= 0.3225 ) ) s
/s eventually[19,inf] ( ( x_0 >= -0.2295 or x_0 >= 0.3225 ) ) s
/s eventually[19,inf] ( ( x_0 >= -0.2295 or x_0 >= 0.3225 ) ) s
/s eventually[19,inf] ( ( x_0 >= -0.2295 or x_0 >= 0.2525 ) ) s
/s eventually[19,inf] ( ( x_0 >= -0.2295 or x_0 >= 0.2525 ) ) s
/s eventually[19,inf] ( ( x_0 >= -0.2295 or x_0 >= 0.2525 ) ) s
/s eventually[19,inf] ( ( x_0 >= -0.2295 or x_0 >= 0.2525 ) ) s
/s eventually[19,inf] ( ( x_0 >= -0.2295 or x_0 >= 0.4225 ) ) s
/s eventually[19,inf] ( ( x_0 >= -0.2295 or x_0 >= 0.2525 ) ) s
Current seed:  47
Accuracy:  1.0 Precision:  1.0 Recall:  1.0 Misclassification Rate:  0.0
Best formula:  always[7,11] ( always ( x_0 >= -14.4653 ) ) obj value:  7.650557994842529
Best formula with scaled parameters:  always[1,2] ( always ( x_0 >= -12.8924 ) )
Execution time = 00:04:30
/s eventually[19,inf] ( ( x_0 >= 0.4295 or x_0 >= 0.4225 ) ) s
/s eventually[19,inf] ( ( x_0 >= 0.4295 or x_0 >= 0.4225 ) ) s
/s eventually[19,inf] ( ( x_0 >= 0.4295 or x_0 >= 0.4225 ) ) s
/s eventually[19,inf] ( ( x_0 >= 0.4295 or x_0 >= 0.4225 ) ) s
/s eventually[19,inf] ( ( x_0 >= 0.429 or x_0 >= 0.4225 ) ) s
/s eventually[19,inf] ( ( x_0 >= 0.429 or x_0 >= 0.4225 ) ) s
/s eventually[19,inf] ( ( x_0 >= 0.429 or x_0 >= 0.4225 ) ) s
/s eventually[19,inf] ( ( x_0 >= 0.4295 or x_0 >= 0.4225 ) ) s
/s eventually[19,inf] ( ( x_0 >= 0.429 or x_0 >= 0.4225 ) ) s
/s eventually[19,inf] ( ( x_0 >= 0.429 or x_0 >= 0.4225 ) ) s
Current seed:  47
Accuracy:  1.0 Precision:  1.0 Recall:  1.0 Misclassification Rate:  0.0
Best formula:  eventually ( x_0 >= 11.2298 ) obj value:  7.182553768157959
Best formula with scaled parameters:  eventually ( x_0 >= 10.8509 )
Execution time = 00:04:30
/s eventually[19,inf] ( ( x_0 >= 0.5295 or x_0 >= 0.5225 ) ) s
/s eventually[19,inf] ( ( x_0 >= 0.5295 or x_0 >= 0.5225 ) ) s
/s eventually[19,inf] ( ( x_0 >= 0.5295 or x_0 >= 0.5225 ) ) s
/s eventually[19,inf] ( ( x_0 >= 0.5295 or x_0 >= 0.5225 ) ) s
/s eventually[19,inf] ( ( x_0 >= 0.5295 or x_0 >= 0.5225 ) ) s
/s eventually[19,inf] ( ( x_0 >= 0.5295 or x_0 >= 0.5225 ) ) s
/s eventually[19,inf] ( ( x_0 >= 0.5295 or x_0 >= 0.5225 ) ) s
/s not ( x_0 <= -0.0001 ) s
/s eventually[19,inf] ( ( x_0 >= 0.5295 or x_0 >= 0.5225 ) ) s
/s eventually[19,inf] ( ( x_0 >= 0.5295 or x_0 >= 0.5225 ) ) s
Current seed:  47
Accuracy:  1.0 Precision:  1.0 Recall:  1.0 Misclassification Rate:  0.0
Best formula:  always[13,19] ( eventually ( eventually[13,inf] ( x_0 >= 4.3787 ) ) ) obj value:  7.524209976196289
Best formula with scaled parameters:  always[2,4] ( eventually ( eventually[2,inf] ( x_0 >= 3.6413 ) ) )
Execution time = 00:04:29
/s eventually[19,inf] ( ( x_0 >= 0.5295 or x_0 >= 0.5225 ) ) s
/s eventually[19,inf] ( ( x_0 >= 0.5295 or x_0 >= 0.5225 ) ) s
/s eventually[19,inf] ( ( x_0 >= 0.5295 or x_0 >= 0.5225 ) ) s
/s eventually[19,inf] ( ( x_0 >= 0.5295 or x_0 >= 0.5225 ) ) s
/s eventually[19,inf] ( ( x_0 >= 0.5295 or x_0 >= 0.5225 ) ) s
/s eventually[19,inf] ( ( x_0 >= 0.5295 or x_0 >= 0.5225 ) ) s
/s eventually[19,inf] ( ( x_0 >= 0.5295 or x_0 >= 0.5225 ) ) s
/s eventually[19,inf] ( ( x_0 >= 0.5295 or x_0 >= 0.5225 ) ) s
/s eventually[19,inf] ( ( x_0 >= 0.5295 or x_0 >= 0.5225 ) ) s
/s eventually[19,inf] ( ( x_0 >= 0.5295 or x_0 >= 0.5225 ) ) s
Current seed:  47
Accuracy:  1.0 Precision:  1.0 Recall:  1.0 Misclassification Rate:  0.0
Best formula:  eventually[1,inf] ( x_0 >= 11.2339 ) obj value:  8.531397819519043
Best formula with scaled parameters:  eventually[0,inf] ( x_0 >= 10.4277 )
Execution time = 00:04:30
/s eventually[19,inf] ( x_0 >= 0.2525 ) s
/s eventually[19,inf] ( x_0 >= 0.2525 ) s
/s eventually[19,inf] ( x_0 >= 0.2525 ) s
/s eventually[19,inf] ( x_0 >= 0.2525 ) s
/s eventually[19,inf] ( x_0 >= 0.2525 ) s
/s eventually[19,inf] ( x_0 >= 0.2525 ) s
/s eventually[19,inf] ( ( x_0 >= 0.0225 or x_0 >= -0.2225 ) ) s
/s eventually[19,inf] ( ( x_0 >= 0.2225 or x_0 >= -0.0225 ) ) s
/s eventually[19,inf] ( x_0 >= 0.2525 ) s
/s eventually[19,inf] ( ( x_0 >= 0.2225 or x_0 >= -0.0225 ) ) s
Current seed:  645
Accuracy:  1.0 Precision:  1.0 Recall:  1.0 Misclassification Rate:  0.0
Best formula:  eventually[1,18] ( not ( eventually[18,inf] ( x_0 <= -1.1734 ) ) ) obj value:  6.7686591148376465
Best formula with scaled parameters:  eventually[0,4] ( not ( eventually[3,inf] ( x_0 <= -1.1734 ) ) )
Execution time = 00:04:29
/s eventually[19,inf] ( x_0 >= 0.5295 ) s
/s eventually[19,inf] ( x_0 >= 0.5295 ) s
/s eventually[19,inf] ( x_0 >= 0.4295 ) s
/s eventually[19,inf] ( x_0 >= 0.4295 ) s
/s eventually[19,inf] ( x_0 >= 0.4295 ) s
/s eventually[19,inf] ( ( x_0 >= 0.4225 or x_0 >= 0.4225 ) ) s
/s eventually[19,inf] ( x_0 >= 0.4295 ) s
/s eventually[19,inf] ( x_0 >= 0.4295 ) s
/s eventually[19,inf] ( x_0 >= 0.4295 ) s
/s eventually[19,inf] ( x_0 >= 0.4295 ) s
Current seed:  645
Accuracy:  0.925 Precision:  0.875 Recall:  1.0 Misclassification Rate:  0.075
Best formula:  always ( x_0 >= -3.2066 ) obj value:  7.837194919586182
Best formula with scaled parameters:  always ( x_0 >= -2.3619 )
Execution time = 00:04:28
/s eventually[19,inf] ( x_0 >= 0.6295 ) s
/s eventually[19,inf] ( x_0 >= 0.6295 ) s
/s eventually[19,inf] ( x_0 >= 0.6295 ) s
/s eventually[19,inf] ( ( x_0 >= 0.5295 or x_0 >= 0.5225 ) ) s
/s eventually[19,inf] ( ( x_0 >= 0.5295 or x_0 >= 0.5225 ) ) s
/s eventually[19,inf] ( ( x_0 >= 0.5295 or x_0 >= 0.5225 ) ) s
/s eventually[19,inf] ( ( x_0 >= 0.5295 or x_0 >= 0.5225 ) ) s
/s eventually[19,inf] ( ( x_0 >= 0.5295 or x_0 >= 0.5225 ) ) s
/s eventually[19,inf] ( ( x_0 >= 0.5295 or x_0 >= 0.5225 ) ) s
/s eventually[19,inf] ( ( x_0 >= 0.5295 or x_0 >= 0.5225 ) ) s
Current seed:  645
Accuracy:  1.0 Precision:  1.0 Recall:  1.0 Misclassification Rate:  0.0
Best formula:  eventually ( x_0 >= 14.3408 ) obj value:  7.70794677734375
Best formula with scaled parameters:  eventually ( x_0 >= 14.3893 )
Execution time = 00:04:29
/s eventually[19,inf] ( x_0 >= -0.2525 ) s
/s always[19,inf] ( x_0 >= -0.2525 ) s
/s eventually[19,inf] ( x_0 >= -0.2525 ) s
/s eventually[19,inf] ( x_0 >= -0.3525 ) s
/s eventually[19,inf] ( x_0 >= -0.2525 ) s
/s eventually[19,inf] ( x_0 >= -0.2525 ) s
/s eventually[19,inf] ( x_0 >= -0.3295 ) s
/s always[19,inf] ( x_0 >= -0.2525 ) s
/s eventually[19,inf] ( ( x_0 >= -0.2225 or x_0 >= 0.2225 ) ) s
/s eventually[19,inf] ( x_0 >= -0.3295 ) s
Current seed:  645
Accuracy:  1.0 Precision:  1.0 Recall:  1.0 Misclassification Rate:  0.0
Best formula:  eventually[0,inf] ( x_0 >= 22.7335 ) obj value:  8.160752296447754
Best formula with scaled parameters:  eventually[0,inf] ( x_0 >= 21.7457 )
Execution time = 00:04:28
/s eventually[19,inf] ( x_0 >= -0.2525 ) s
/s eventually[19,inf] ( x_0 >= -0.2525 ) s
/s eventually[19,inf] ( x_0 >= -0.2525 ) s
/s eventually[19,inf] ( x_0 >= -0.2525 ) s
/s eventually[19,inf] ( x_0 >= -0.2525 ) s
/s eventually[19,inf] ( x_0 >= -0.2525 ) s
/s eventually[19,inf] ( x_0 >= -0.2525 ) s
/s eventually[19,inf] ( x_0 >= -0.2525 ) s
/s eventually[19,inf] ( x_0 >= -0.3295 ) s
/s eventually[19,inf] ( x_0 >= -0.2525 ) s
Current seed:  645
Accuracy:  1.0 Precision:  1.0 Recall:  1.0 Misclassification Rate:  0.0
Best formula:  eventually[18,inf] ( eventually[14,17] ( always[19,21] ( x_0 >= 1.9014 ) ) ) obj value:  7.238655090332031
Best formula with scaled parameters:  eventually[3,inf] ( eventually[2,3] ( always[3,4] ( x_0 >= 1.199 ) ) )
Execution time = 00:04:28
/s eventually[19,inf] ( ( x_0 >= 0.4295 or x_0 >= 0.4225 ) ) s
/s eventually[19,inf] ( ( x_0 >= 0.4295 or x_0 >= 0.4225 ) ) s
/s eventually[19,inf] ( ( x_0 >= 0.4295 or x_0 >= 0.4225 ) ) s
/s eventually[19,inf] ( ( x_0 >= 0.4295 or x_0 >= 0.4225 ) ) s
/s eventually[19,inf] ( ( x_0 >= 0.4295 or x_0 >= 0.4225 ) ) s
/s eventually[19,inf] ( ( x_0 >= 0.4295 or x_0 >= 0.4225 ) ) s
/s eventually[19,inf] ( ( x_0 >= 0.4295 or x_0 >= 0.4225 ) ) s
/s eventually[19,inf] ( ( x_0 >= 0.429 or x_0 >= 0.4225 ) ) s
/s eventually[19,inf] ( ( x_0 >= 0.429 or x_0 >= 0.4225 ) ) s
/s eventually[19,inf] ( ( x_0 >= 0.429 or x_0 >= 0.4225 ) ) s
Current seed:  62
Accuracy:  1.0 Precision:  1.0 Recall:  1.0 Misclassification Rate:  0.0
Best formula:  eventually[3,inf] ( x_0 >= 10.1439 ) obj value:  8.996989250183105
Best formula with scaled parameters:  eventually[0,inf] ( x_0 >= 9.6715 )
Execution time = 00:04:30
/s eventually[19,inf] ( ( x_0 >= 0.2295 or x_0 >= -0.2225 ) ) s
/s eventually[19,inf] ( ( x_0 >= 0.3225 or x_0 >= -0.2225 ) ) s
/s eventually[19,inf] ( ( x_0 >= 0.2295 or x_0 >= -0.2225 ) ) s
/s eventually[19,inf] ( ( x_0 >= 0.2295 or x_0 >= -0.2225 ) ) s
/s eventually[19,inf] ( ( x_0 >= 0.229 or x_0 >= -0.2225 ) ) s
/s eventually[19,inf] ( ( x_0 >= 0.3225 or x_0 >= -0.2225 ) ) s
/s eventually[19,inf] ( ( x_0 >= 0.229 or x_0 >= -0.2225 ) ) s
/s eventually[19,inf] ( ( x_0 >= 0.229 or x_0 >= -0.2225 ) ) s
/s eventually[19,inf] ( ( x_0 >= 0.229 or x_0 >= -0.2225 ) ) s
/s eventually[19,inf] ( ( x_0 >= 0.229 or x_0 >= -0.2225 ) ) s
Current seed:  62
Accuracy:  1.0 Precision:  1.0 Recall:  1.0 Misclassification Rate:  0.0
Best formula:  eventually ( x_0 >= 15.88 ) obj value:  7.405587673187256
Best formula with scaled parameters:  eventually ( x_0 >= 15.521 )
Execution time = 00:04:30
/s eventually[19,inf] ( x_0 >= -0.3295 ) s
/s eventually[19,21] ( ( x_0 >= -0.3222 or x_0 >= -0.2225 ) ) s
/s eventually[19,inf] ( ( x_0 >= -0.2225 or x_0 >= -0.2225 ) ) s
/s eventually[19,inf] ( ( x_0 >= -0.2225 or x_0 >= -0.2225 ) ) s
/s eventually[19,inf] ( ( x_0 >= -0.429 or x_0 >= -0.2225 ) ) s
/s eventually[19,inf] ( ( x_0 >= -0.2225 or x_0 >= -0.2225 ) ) s
/s eventually[19,inf] ( ( x_0 >= -0.2225 or x_0 >= -0.2225 ) ) s
/s eventually[15,inf] ( ( x_0 >= -0.229 or x_0 >= -0.2225 ) ) s
/s eventually[19,inf] ( ( x_0 >= -0.2295 or x_0 >= -0.2225 ) ) s
/s eventually[19,inf] ( ( x_0 >= -0.2295 or x_0 >= -0.2225 ) ) s
Current seed:  62
Accuracy:  1.0 Precision:  1.0 Recall:  1.0 Misclassification Rate:  0.0
Best formula:  eventually[15,18] ( always ( x_0 >= -15.3391 ) ) obj value:  7.325282096862793
Best formula with scaled parameters:  eventually[3,4] ( always ( x_0 >= -14.1769 ) )
Execution time = 00:04:29
/s eventually[19,inf] ( x_0 >= 0.4525 ) s
/s eventually[19,inf] ( x_0 >= 0.4295 ) s
/s eventually[19,inf] ( x_0 >= 0.4295 ) s
/s eventually[19,inf] ( x_0 >= 0.4295 ) s
/s eventually[19,inf] ( x_0 >= 0.4295 ) s
/s eventually[19,inf] ( x_0 >= 0.4295 ) s
/s eventually[19,inf] ( x_0 >= 0.4295 ) s
/s eventually[19,inf] ( x_0 >= 0.4295 ) s
/s eventually[19,inf] ( ( x_0 >= 0.4295 or x_0 >= 0.4225 ) ) s
/s eventually[19,inf] ( ( x_0 >= 0.4295 or x_0 >= 0.4225 ) ) s
Current seed:  62
Accuracy:  0.95 Precision:  0.9 Recall:  1.0 Misclassification Rate:  0.05
Best formula:  always[11,inf] ( x_0 >= -5.6916 ) obj value:  7.851811408996582
Best formula with scaled parameters:  always[2,inf] ( x_0 >= -4.988 )
Execution time = 00:04:29
/s eventually[19,inf] ( x_0 >= 0.3295 ) s
/s eventually[19,inf] ( x_0 >= 0.3295 ) s
/s eventually[19,inf] ( x_0 >= 0.3295 ) s
/s eventually[19,inf] ( x_0 >= 0.3295 ) s
/s eventually[19,inf] ( x_0 >= 0.2525 ) s
/s eventually[19,inf] ( x_0 >= 0.2525 ) s
/s eventually[19,inf] ( x_0 >= 0.2525 ) s
/s eventually[19,inf] ( x_0 >= 0.2525 ) s
/s eventually[19,inf] ( x_0 >= -0.1525 ) s
/s eventually[19,inf] ( x_0 >= 0.2525 ) s
Current seed:  62
Accuracy:  1.0 Precision:  1.0 Recall:  1.0 Misclassification Rate:  0.0
Best formula:  eventually ( x_0 >= 4.4101 ) obj value:  7.054568767547607
Best formula with scaled parameters:  eventually ( x_0 >= 3.6433 )
Execution time = 00:04:28
/s eventually[19,inf] ( x_0 >= 0.5295 ) s
/s eventually[19,inf] ( ( x_0 >= 0.4295 or x_0 >= 0.5225 ) ) s
/s eventually[19,inf] ( ( x_0 >= 0.4295 or x_0 >= 0.5225 ) ) s
/s eventually[19,inf] ( ( x_0 >= 0.5295 or x_0 >= 0.5225 ) ) s
/s eventually[19,inf] ( ( x_0 >= 0.4295 or x_0 >= 0.5225 ) ) s
/s eventually[19,inf] ( ( x_0 >= 0.4295 or x_0 >= 0.5225 ) ) s
/s eventually[19,inf] ( ( x_0 >= 0.5295 or x_0 >= 0.5225 ) ) s
/s eventually[19,inf] ( ( x_0 >= 0.5295 or x_0 >= 0.5225 ) ) s
/s eventually[19,inf] ( ( x_0 >= 0.5295 or x_0 >= 0.5225 ) ) s
/s eventually[19,inf] ( ( x_0 >= 0.4295 or x_0 >= 0.5225 ) ) s
Current seed:  439
Accuracy:  1.0 Precision:  1.0 Recall:  1.0 Misclassification Rate:  0.0
Best formula:  eventually ( x_0 >= 13.6124 ) obj value:  7.499340534210205
Best formula with scaled parameters:  eventually ( x_0 >= 12.9406 )
Execution time = 00:04:30
/s eventually[19,inf] ( x_0 >= 0.5295 ) s
/s eventually[19,inf] ( x_0 >= 0.5295 ) s
/s eventually[19,inf] ( x_0 >= 0.5295 ) s
/s eventually[19,inf] ( x_0 >= 0.4295 ) s
/s eventually[19,inf] ( x_0 >= 0.4295 ) s
/s eventually[19,inf] ( x_0 >= 0.4295 ) s
/s eventually[19,inf] ( x_0 >= 0.4295 ) s
/s eventually[19,inf] ( x_0 >= 0.4295 ) s
/s eventually[19,inf] ( x_0 >= 0.4295 ) s
/s eventually[19,inf] ( ( x_0 >= 0.4295 or x_0 >= 0.4225 ) ) s
Current seed:  439
Accuracy:  1.0 Precision:  1.0 Recall:  1.0 Misclassification Rate:  0.0
Best formula:  eventually[7,inf] ( x_0 >= 6.9435 ) obj value:  8.796417236328125
Best formula with scaled parameters:  eventually[1,inf] ( x_0 >= 6.5487 )
Execution time = 00:04:28
/s eventually[19,inf] ( ( x_0 >= 0.5295 or x_0 >= 0.5225 ) ) s
/s eventually[19,inf] ( ( x_0 >= 0.5295 or x_0 >= 0.5225 ) ) s
/s eventually[19,inf] ( ( x_0 >= 0.5295 or x_0 >= 0.5225 ) ) s
/s eventually[19,inf] ( ( x_0 >= 0.5295 or x_0 >= 0.5225 ) ) s
/s eventually[19,21] ( ( x_0 >= 0.4295 or x_0 >= 0.5225 ) ) s
/s eventually[19,21] ( ( x_0 >= 0.5295 or x_0 >= 0.5225 ) ) s
/s eventually[19,21] ( ( x_0 >= 0.5292 or x_0 >= 0.5225 ) ) s
/s eventually[19,21] ( ( x_0 >= 0.5292 or x_0 >= 0.5225 ) ) s
/s eventually[19,21] ( ( x_0 >= 0.5292 or x_0 >= 0.5225 ) ) s
/s eventually[19,21] ( ( x_0 >= 0.5292 or x_0 >= 0.5225 ) ) s
Current seed:  439
Accuracy:  1.0 Precision:  1.0 Recall:  1.0 Misclassification Rate:  0.0
Best formula:  always ( x_0 >= -12.2148 ) obj value:  7.653820991516113
Best formula with scaled parameters:  always ( x_0 >= -11.2756 )
Execution time = 00:04:30
/s eventually[19,inf] ( x_0 >= -0.5295 ) s
/s eventually[19,inf] ( x_0 >= -0.5295 ) s
/s eventually[19,inf] ( x_0 >= -0.5295 ) s
/s eventually[19,inf] ( x_0 >= -0.6295 ) s
/s eventually[19,inf] ( x_0 >= -0.6295 ) s
/s eventually[19,inf] ( x_0 >= -0.5295 ) s
/s eventually[19,21] ( ( x_0 >= -0.529 or x_0 >= -0.5225 ) ) s
/s eventually[19,inf] ( x_0 >= -0.6295 ) s
/s eventually[19,inf] ( ( x_0 >= -0.529 or x_0 >= -0.5225 ) ) s
/s eventually[15,inf] ( ( x_0 >= -0.529 or x_0 >= -0.5295 ) ) s
Current seed:  439
Accuracy:  0.925 Precision:  0.8571 Recall:  1.0 Misclassification Rate:  0.075
Best formula:  always[14,inf] ( x_0 >= -2.5839 ) obj value:  7.972471237182617
Best formula with scaled parameters:  always[2,inf] ( x_0 >= -1.8379 )
Execution time = 00:04:28
/s eventually[19,inf] ( x_0 >= -0.2525 ) s
/s eventually[19,inf] ( ( x_0 >= -0.2225 or x_0 >= -0.2225 ) ) s
/s eventually[19,inf] ( x_0 >= -0.3295 ) s
/s eventually[19,inf] ( x_0 >= -0.2525 ) s
/s eventually[19,inf] ( x_0 >= -0.2525 ) s
/s eventually[19,inf] ( x_0 >= -0.2525 ) s
/s eventually[19,inf] ( x_0 >= -0.2525 ) s
/s eventually[19,inf] ( x_0 >= -0.2525 ) s
/s eventually[19,inf] ( ( x_0 >= -0.2225 or x_0 >= -0.2225 ) ) s
/s eventually[19,inf] ( x_0 >= -0.2525 ) s
Current seed:  439
Accuracy:  1.0 Precision:  1.0 Recall:  1.0 Misclassification Rate:  0.0
Best formula:  always[0,inf] ( x_0 >= -22.3087 ) obj value:  7.2239203453063965
Best formula with scaled parameters:  always[0,inf] ( x_0 >= -21.1371 )
Execution time = 00:04:28
/s eventually[19,inf] ( x_0 >= 0.3295 ) s
/s eventually[19,inf] ( x_0 >= 0.3295 ) s
/s eventually[19,inf] ( x_0 >= 0.3295 ) s
/s eventually[19,inf] ( x_0 >= 0.3295 ) s
/s eventually[19,inf] ( x_0 >= 0.3295 ) s
/s eventually[19,inf] ( x_0 >= 0.3295 ) s
/s eventually[19,inf] ( x_0 >= 0.3295 ) s
/s eventually[19,inf] ( x_0 >= 0.3295 ) s
/s eventually[19,inf] ( x_0 >= 0.3295 ) s
/s eventually[19,inf] ( x_0 >= 0.3295 ) s
Current seed:  168
Accuracy:  0.95 Precision:  0.9 Recall:  1.0 Misclassification Rate:  0.05
Best formula:  always ( x_0 >= -4.7277 ) obj value:  8.7162446975708
Best formula with scaled parameters:  always ( x_0 >= -3.9697 )
Execution time = 00:04:29
/s eventually[19,inf] ( x_0 >= -0.4295 ) s
/s eventually[19,inf] ( x_0 >= -0.4295 ) s
/s eventually[19,inf] ( x_0 >= -0.4295 ) s
/s eventually[19,inf] ( x_0 >= -0.4295 ) s
/s eventually[19,inf] ( x_0 >= -0.4295 ) s
/s eventually[19,inf] ( x_0 >= -0.4295 ) s
/s eventually[19,inf] ( x_0 >= -0.4295 ) s
/s eventually[19,inf] ( x_0 >= -0.4295 ) s
/s eventually[19,inf] ( ( x_0 >= -0.4225 or x_0 >= -0.4225 ) ) s
/s eventually[19,inf] ( x_0 >= -0.4295 ) s
Current seed:  168
Accuracy:  1.0 Precision:  1.0 Recall:  1.0 Misclassification Rate:  0.0
Best formula:  always[6,inf] ( not ( x_0 <= -1.0018 ) ) obj value:  7.639955043792725
Best formula with scaled parameters:  always[1,inf] ( not ( x_0 <= -1.0018 ) )
Execution time = 00:04:28
/s eventually[19,inf] ( ( x_0 >= 0.6295 or x_0 >= 0.6225 ) ) s
/s eventually[19,inf] ( ( x_0 >= 0.6295 or x_0 >= 0.6225 ) ) s
/s eventually[19,inf] ( ( x_0 >= 0.6295 or x_0 >= 0.6225 ) ) s
/s eventually[19,21] ( ( x_0 >= 0.6295 or x_0 >= 0.6295 ) ) s
/s eventually[19,21] ( ( x_0 >= 0.6295 until[19,21] x_0 >= 0.6225 ) ) s
/s eventually[19,21] ( ( x_0 >= 0.6295 or x_0 >= 0.6295 ) ) s
/s eventually[19,21] ( ( x_0 >= 0.6295 or x_0 >= 0.6295 ) ) s
/s eventually[19,21] ( ( x_0 >= 0.6295 until[19,21] x_0 >= 0.6225 ) ) s
/s eventually[19,21] ( ( x_0 >= 0.6295 or x_0 >= 0.6295 ) ) s
/s eventually[19,21] ( ( x_0 >= 0.6295 or x_0 >= 0.6295 ) ) s
Current seed:  168
Accuracy:  1.0 Precision:  1.0 Recall:  1.0 Misclassification Rate:  0.0
Best formula:  eventually[3,inf] ( x_0 >= 2.0307 ) obj value:  7.796756744384766
Best formula with scaled parameters:  eventually[0,inf] ( x_0 >= 1.508 )
Execution time = 00:04:30
/s ( x_0 >= 0.629 until[19,21] x_2 >= -1.0222 ) s
/s ( x_0 >= 0.629 until[19,21] x_2 >= -1.0222 ) s
/s ( x_0 >= 0.629 until[19,21] x_2 >= -1.0222 ) s
/s ( x_0 >= 0.6295 until[19,21] x_2 >= -1.0222 ) s
/s ( x_0 >= 0.629 until[19,21] x_2 >= -1.0222 ) s
/s ( x_0 >= 0.629 until[19,21] x_2 >= -1.0222 ) s
/s ( x_0 >= 0.629 until[19,21] x_2 >= -1.0222 ) s
/s ( x_0 >= 0.629 until[19,21] x_2 >= -1.0222 ) s
/s ( x_0 >= 0.6295 until[19,21] x_2 >= -1.0222 ) s
/s ( x_0 >= 0.629 until[19,21] x_2 >= -1.0222 ) s
Current seed:  168
Accuracy:  0.9 Precision:  0.8333 Recall:  1.0 Misclassification Rate:  0.1
Best formula:  always[7,inf] ( always[0,7] ( x_0 >= -4.094 ) ) obj value:  8.025553703308105
Best formula with scaled parameters:  always[1,inf] ( always[0,2] ( x_0 >= -3.2585 ) )
Execution time = 00:04:29
/s always[19,inf] ( x_0 >= 0.4295 ) s
/s eventually[19,inf] ( x_0 >= 0.4295 ) s
/s eventually[19,inf] ( x_0 >= 0.4295 ) s
/s eventually[19,inf] ( x_0 >= 0.4295 ) s
/s eventually[19,inf] ( x_0 >= 0.4295 ) s
/s eventually[19,inf] ( x_0 >= 0.3525 ) s
/s eventually[19,inf] ( x_0 >= 0.3525 ) s
/s eventually[19,inf] ( x_0 >= 0.3525 ) s
/s eventually[19,inf] ( x_0 >= 0.3525 ) s
/s eventually[19,inf] ( x_0 >= 0.3525 ) s
Current seed:  168
Accuracy:  1.0 Precision:  1.0 Recall:  1.0 Misclassification Rate:  0.0
Best formula:  not ( always[12,inf] ( x_0 <= 0.5289 ) ) obj value:  6.72087287902832
Best formula with scaled parameters:  not ( always[2,inf] ( x_0 <= 0.5289 ) )
Execution time = 00:04:29
/s eventually[19,inf] ( x_0 >= 0.4295 ) s
/s eventually[19,inf] ( x_0 >= 0.4295 ) s
/s eventually[19,inf] ( x_0 >= 0.4295 ) s
/s eventually[19,inf] ( x_0 >= 0.4295 ) s
/s eventually[19,inf] ( ( x_0 >= 0.4295 or x_0 >= 0.4225 ) ) s
/s eventually[19,inf] ( ( x_0 >= 0.4295 or x_0 >= 0.4225 ) ) s
/s eventually[19,inf] ( ( x_0 >= 0.4295 or x_0 >= 0.4225 ) ) s
/s eventually[19,inf] ( ( x_0 >= 0.4295 or x_0 >= 0.4225 ) ) s
/s eventually[19,inf] ( ( x_0 >= 0.4295 or x_0 >= 0.4225 ) ) s
/s eventually[19,inf] ( ( x_0 >= 0.4295 or x_0 >= 0.4225 ) ) s
Current seed:  309
Accuracy:  1.0 Precision:  1.0 Recall:  1.0 Misclassification Rate:  0.0
Best formula:  always[12,inf] ( x_0 >= -13.8385 ) obj value:  8.024277687072754
Best formula with scaled parameters:  always[2,inf] ( x_0 >= -12.3709 )
Execution time = 00:04:29
/s always[19,inf] ( x_0 >= -0.0255 ) s
/s always[19,inf] ( x_0 >= -0.0255 ) s
/s always[19,inf] ( x_0 >= -0.0255 ) s
/s eventually[19,inf] ( x_0 >= -0.0255 ) s
/s eventually[19,inf] ( x_0 >= -0.0255 ) s
/s eventually[19,inf] ( x_0 >= -0.0255 ) s
/s eventually[19,inf] ( x_0 >= -0.0255 ) s
/s eventually[19,inf] ( x_0 >= -0.0255 ) s
/s eventually[19,inf] ( ( x_0 >= -0.0225 or x_0 >= 0.0225 ) ) s
/s eventually[19,inf] ( x_0 >= -0.0295 ) s
Current seed:  309
Accuracy:  1.0 Precision:  1.0 Recall:  1.0 Misclassification Rate:  0.0
Best formula:  eventually ( x_0 >= 34.0761 ) obj value:  5.457789421081543
Best formula with scaled parameters:  eventually ( x_0 >= 32.8523 )
Execution time = 00:04:29
/s eventually[19,inf] ( ( x_0 >= 0.3225 or x_0 >= 0.2225 ) ) s
/s eventually[19,inf] ( ( x_0 >= 0.3225 or x_0 >= 0.2225 ) ) s
/s eventually[19,inf] ( ( x_0 >= 0.3225 or x_0 >= 0.2225 ) ) s
/s eventually[19,inf] ( ( x_0 >= 0.3225 or x_0 >= 0.2225 ) ) s
/s eventually[19,inf] ( ( x_0 >= 0.3225 or x_0 >= 0.2225 ) ) s
/s eventually[19,inf] ( ( x_0 >= 0.3225 or x_0 >= 0.3225 ) ) s
/s eventually[19,inf] ( ( x_0 >= 0.3225 or x_0 >= 0.2225 ) ) s
/s eventually[19,inf] ( ( x_0 >= 0.3225 or x_0 >= 0.2225 ) ) s
/s eventually[19,inf] ( ( x_0 >= 0.3225 or x_0 >= 0.2225 ) ) s
/s eventually[19,inf] ( ( x_0 >= 0.3225 or x_0 >= 0.2225 ) ) s
Current seed:  309
Accuracy:  1.0 Precision:  1.0 Recall:  1.0 Misclassification Rate:  0.0
Best formula:  eventually[3,inf] ( x_0 >= 14.3016 ) obj value:  8.516962051391602
Best formula with scaled parameters:  eventually[0,inf] ( x_0 >= 14.3353 )
Execution time = 00:04:30
/s eventually[15,inf] ( ( x_0 >= -0.429 or x_0 >= -0.4225 ) ) s
/s eventually[15,inf] ( ( x_0 >= -0.429 or x_0 >= -0.4225 ) ) s
/s eventually[15,inf] ( ( x_0 >= -0.429 or x_0 >= -0.4225 ) ) s
/s eventually[15,inf] ( ( x_0 >= -0.429 or x_0 >= -0.4225 ) ) s
/s eventually[15,inf] ( ( x_0 >= -0.429 or x_0 >= -0.4225 ) ) s
/s eventually[15,inf] ( ( x_0 >= -0.429 or x_0 >= -0.4225 ) ) s
/s eventually[15,inf] ( ( x_0 >= -0.429 or x_0 >= -0.4225 ) ) s
/s eventually[15,inf] ( ( x_0 >= -0.429 or x_0 >= -0.4225 ) ) s
/s eventually[15,inf] ( ( x_0 >= -0.429 or x_0 >= -0.4225 ) ) s
/s eventually[15,inf] ( ( x_0 >= -0.429 or x_0 >= -0.4225 ) ) s
Current seed:  309
Accuracy:  1.0 Precision:  1.0 Recall:  1.0 Misclassification Rate:  0.0
Best formula:  eventually[0,5] ( always[16,21] ( always[13,18] ( always ( always[15,21] ( always[13,17] ( x_0 >= -4.8217 ) ) ) ) ) ) obj value:  8.934289932250977
Best formula with scaled parameters:  eventually[0,1] ( always[3,4] ( always[2,3] ( always ( always[3,5] ( always[2,3] ( x_0 >= -3.843 ) ) ) ) ) )
Execution time = 00:04:30
/s ( ( x_0 >= 0.6224 or x_2 >= -0.0224 ) until[19,21] ( x_0 >= 0.7222 or x_1 >= -0.2225 ) ) s
/s ( ( x_0 >= 0.6224 or x_0 >= 0.6225 ) until[19,21] ( x_2 >= -0.1222 or x_2 >= -0.2225 ) ) s
/s ( ( x_0 >= 0.6224 or x_0 >= 0.6225 ) until[19,21] ( x_2 >= -0.1222 or x_2 >= -0.2225 ) ) s
/s ( ( x_0 >= 0.6224 or x_0 >= 0.6225 ) until[19,21] x_2 >= -0.1925 ) s
/s ( ( x_0 >= 0.6224 or x_0 >= 0.6225 ) until[19,21] ( x_2 >= -0.1222 or x_1 >= -0.2225 ) ) s
/s ( ( x_0 >= 0.6224 or x_0 >= 0.6225 ) until[19,21] ( x_2 >= -0.1222 or x_2 >= -0.2225 ) ) s
/s ( ( x_0 >= 0.6224 or x_2 >= -0.0224 ) until[19,21] ( x_0 >= 0.7222 or x_1 >= -0.2225 ) ) s
/s ( ( x_0 >= 0.6224 or x_2 >= -0.1224 ) until[19,21] ( x_0 >= 0.7222 or x_1 >= -0.2225 ) ) s
/s eventually[15,inf] ( ( x_0 >= -0.729 or x_1 >= -0.6222 ) ) s
/s eventually[15,inf] ( ( x_0 >= -0.729 or x_1 >= -0.6222 ) ) s
Current seed:  309
Accuracy:  0.925 Precision:  0.8636 Recall:  1.0 Misclassification Rate:  0.075
Best formula:  always[14,inf] ( x_0 >= -4.5665 ) obj value:  7.970427989959717
Best formula with scaled parameters:  always[2,inf] ( x_0 >= -3.7512 )
Execution time = 00:04:31
/s eventually[19,inf] ( x_0 >= 0.4295 ) s
/s eventually[19,inf] ( x_0 >= 0.4295 ) s
/s eventually[19,inf] ( x_0 >= 0.4295 ) s
/s eventually[19,inf] ( x_0 >= 0.4295 ) s
/s eventually[19,inf] ( x_0 >= 0.4295 ) s
/s eventually[19,inf] ( x_0 >= 0.4295 ) s
/s eventually[19,inf] ( x_0 >= 0.5295 ) s
/s eventually[19,inf] ( x_0 >= 0.5295 ) s
/s eventually[19,inf] ( ( x_0 >= 0.4295 or x_0 >= 0.5225 ) ) s
/s eventually[19,inf] ( ( x_0 >= 0.4295 or x_0 >= 0.5225 ) ) s
Current seed:  314
Accuracy:  1.0 Precision:  1.0 Recall:  1.0 Misclassification Rate:  0.0
Best formula:  eventually[6,inf] ( x_0 >= 8.1306 ) obj value:  8.355896949768066
Best formula with scaled parameters:  eventually[1,inf] ( x_0 >= 7.3132 )
Execution time = 00:04:29
/s eventually[19,inf] ( x_0 >= -0.4295 ) s
/s eventually[19,inf] ( x_0 >= -0.4295 ) s
/s eventually[19,inf] ( x_0 >= 0.4295 ) s
/s eventually[19,inf] ( x_0 >= -0.4295 ) s
/s eventually[19,inf] ( x_0 >= -0.4295 ) s
/s eventually[19,inf] ( x_0 >= -0.4295 ) s
/s eventually[19,inf] ( x_0 >= -0.4295 ) s
/s eventually[19,inf] ( x_0 >= -0.4295 ) s
/s eventually[19,inf] ( x_0 >= -0.4295 ) s
/s eventually[19,inf] ( x_0 >= -0.4295 ) s
Current seed:  314
Accuracy:  0.975 Precision:  0.95 Recall:  1.0 Misclassification Rate:  0.025
Best formula:  always[15,21] ( always ( x_0 >= -8.3347 ) ) obj value:  7.346343994140625
Best formula with scaled parameters:  always[3,5] ( always ( x_0 >= -7.5057 ) )
Execution time = 00:04:29
/s eventually[15,inf] ( ( x_0 >= -0.529 or x_2 >= -1.0222 ) ) s
/s eventually[15,inf] ( x_0 >= -0.6295 ) s
/s eventually[15,inf] ( x_0 >= -0.6295 ) s
/s eventually[15,inf] ( x_0 >= -0.6295 ) s
/s eventually[15,inf] ( ( x_0 >= -0.629 or x_0 >= -0.6295 ) ) s
/s eventually[15,inf] ( ( x_0 >= -0.629 or x_0 >= -0.5225 ) ) s
/s eventually[15,inf] ( ( x_0 >= -0.629 or x_2 >= -1.0222 ) ) s
/s eventually[15,inf] ( ( x_0 >= -0.629 or x_0 >= -0.6295 ) ) s
/s eventually[15,inf] ( ( x_0 >= -0.629 or x_0 >= -0.6295 ) ) s
/s eventually[15,inf] ( ( x_0 >= -0.629 or x_0 >= -0.5295 ) ) s
Current seed:  314
Accuracy:  0.925 Precision:  0.85 Recall:  1.0 Misclassification Rate:  0.075
Best formula:  always[7,inf] ( x_0 >= -3.7297 ) obj value:  8.205156326293945
Best formula with scaled parameters:  always[1,inf] ( x_0 >= -2.9414 )
Execution time = 00:04:29
/s eventually[19,inf] ( x_0 >= 0.5295 ) s
/s eventually[19,inf] ( ( x_0 >= 0.4295 or x_0 >= 0.5225 ) ) s
/s eventually[19,inf] ( ( x_0 >= 0.4295 or x_0 >= 0.5225 ) ) s
/s eventually[19,21] ( ( x_0 >= 0.4292 or x_0 >= 0.5225 ) ) s
/s eventually[19,inf] ( ( x_0 >= 0.4295 or x_0 >= 0.5225 ) ) s
/s eventually[19,inf] ( ( x_0 >= 0.4295 or x_0 >= 0.5225 ) ) s
/s eventually[19,21] ( ( x_0 >= 0.4292 or x_0 >= 0.4225 ) ) s
/s eventually[19,21] ( ( x_0 >= 0.4292 or x_0 >= 0.5225 ) ) s
/s eventually[19,21] ( ( x_0 >= 0.4292 or x_0 >= 0.4225 ) ) s
/s eventually[19,21] ( ( x_0 >= 0.4292 or x_0 >= 0.4225 ) ) s
Current seed:  314
Accuracy:  1.0 Precision:  1.0 Recall:  1.0 Misclassification Rate:  0.0
Best formula:  eventually ( x_0 >= 11.7846 ) obj value:  7.670547008514404
Best formula with scaled parameters:  eventually ( x_0 >= 11.4973 )
Execution time = 00:04:30
/s eventually[19,21] ( ( x_0 >= 0.2222 until[19,21] x_0 >= -0.2225 ) ) s
/s eventually[19,21] ( ( x_0 >= 0.2222 until[19,21] x_0 >= -0.2225 ) ) s
/s eventually[19,21] ( ( x_0 >= 0.3222 until[19,21] x_0 >= -0.2225 ) ) s
/s eventually[19,21] ( ( x_0 >= 0.3222 until[19,21] x_0 >= -0.2225 ) ) s
/s eventually[19,21] ( ( x_0 >= 0.3222 until[19,21] x_0 >= -0.2225 ) ) s
/s eventually[19,21] ( ( x_0 >= 0.2222 until[19,21] x_0 >= -0.2225 ) ) s
/s eventually[19,21] ( ( x_0 >= 0.2222 until[19,21] x_0 >= -0.2225 ) ) s
/s eventually[19,21] ( ( x_0 >= 0.3222 until[19,21] x_0 >= -0.2225 ) ) s
/s eventually[19,21] ( ( x_0 >= 0.2222 until[19,21] x_0 >= -0.2225 ) ) s
/s eventually[19,21] ( ( x_0 >= 0.2222 until[19,21] x_0 >= -0.2225 ) ) s
Current seed:  314
Accuracy:  1.0 Precision:  1.0 Recall:  1.0 Misclassification Rate:  0.0
Best formula:  not ( always[6,inf] ( x_0 <= 0.4874 ) ) obj value:  6.9419660568237305
Best formula with scaled parameters:  not ( always[1,inf] ( x_0 <= 0.4874 ) )
Execution time = 00:04:31
/s eventually[19,inf] ( x_0 >= 0.3295 ) s
/s eventually[19,inf] ( x_0 >= 0.3295 ) s
/s eventually[19,inf] ( x_0 >= 0.3295 ) s
/s eventually[19,inf] ( x_0 >= 0.3295 ) s
/s eventually[19,inf] ( x_0 >= 0.3295 ) s
/s eventually[19,inf] ( x_0 >= 0.3295 ) s
/s eventually[19,inf] ( x_0 >= 0.3295 ) s
/s eventually[19,inf] ( x_0 >= 0.3295 ) s
/s eventually[19,inf] ( x_0 >= 0.3295 ) s
/s eventually[19,inf] ( x_0 >= 0.3295 ) s
Current seed:  597
Accuracy:  1.0 Precision:  1.0 Recall:  1.0 Misclassification Rate:  0.0
Best formula:  eventually ( x_0 >= 18.5878 ) obj value:  8.31407356262207
Best formula with scaled parameters:  eventually ( x_0 >= 17.6065 )
Execution time = 00:04:29
/s eventually[19,inf] ( x_0 >= -0.5525 ) s
/s eventually[19,inf] ( x_0 >= -0.4055 ) s
/s eventually[19,inf] ( ( x_0 >= -0.4295 or x_0 >= -0.4225 ) ) s
/s eventually[19,inf] ( ( x_0 >= -0.4295 or x_0 >= -0.4225 ) ) s
/s eventually[19,inf] ( ( x_0 >= -0.4295 or x_0 >= -0.4225 ) ) s
/s eventually[19,21] ( ( x_0 >= -0.429 or x_0 >= -0.4225 ) ) s
/s eventually[15,inf] ( ( x_0 >= -0.429 or x_0 >= -0.4225 ) ) s
/s eventually[19,inf] ( ( x_0 >= -0.4295 or x_0 >= -0.4225 ) ) s
/s eventually[19,inf] ( ( x_0 >= -0.4295 or x_0 >= -0.4225 ) ) s
/s eventually[19,inf] ( ( x_0 >= -0.429 or x_0 >= -0.4225 ) ) s
Current seed:  597
Accuracy:  0.975 Precision:  0.9474 Recall:  1.0 Misclassification Rate:  0.025
Best formula:  always[2,inf] ( x_0 >= -1.7142 ) obj value:  7.476661682128906
Best formula with scaled parameters:  always[0,inf] ( x_0 >= -1.002 )
Execution time = 00:04:29
/s eventually[19,inf] ( ( x_0 >= 0.029 until[19,21] x_0 >= -0.0225 ) ) s
/s eventually[19,inf] ( ( x_0 >= 0.029 until[19,21] x_0 >= -0.0225 ) ) s
/s eventually[19,21] ( ( x_0 >= 0.0225 until[19,21] x_0 >= -0.1525 ) ) s
/s eventually[19,21] ( ( x_0 >= 0.0225 until[19,21] x_0 >= -0.1525 ) ) s
/s eventually[19,21] ( ( x_0 >= 0.1925 until[19,21] x_0 >= -0.1225 ) ) s
/s eventually[19,21] ( ( x_0 >= 0.0225 until[19,21] x_0 >= -0.1525 ) ) s
/s eventually[19,21] ( ( x_0 >= 0.0225 until[19,21] x_0 >= -0.1525 ) ) s
/s eventually[19,21] ( ( x_0 >= 0.0225 until[19,21] x_0 >= -0.1525 ) ) s
/s eventually[19,21] ( ( x_0 >= 0.0225 until[19,21] x_0 >= -0.1525 ) ) s
/s eventually[19,21] ( ( x_0 >= 0.0225 until[19,21] x_0 >= -0.1525 ) ) s
Current seed:  597
Accuracy:  1.0 Precision:  1.0 Recall:  1.0 Misclassification Rate:  0.0
Best formula:  always ( x_0 >= -25.7968 ) obj value:  5.818737506866455
Best formula with scaled parameters:  always ( x_0 >= -25.7323 )
Execution time = 00:04:31
/s eventually[19,inf] ( x_0 >= 0.2525 ) s
/s eventually[19,inf] ( x_0 >= 0.2525 ) s
/s eventually[19,inf] ( x_0 >= 0.2525 ) s
/s eventually[19,inf] ( x_0 >= 0.2525 ) s
/s eventually[19,inf] ( x_0 >= 0.2525 ) s
/s eventually[19,inf] ( x_0 >= 0.2525 ) s
/s eventually[19,inf] ( x_0 >= 0.2525 ) s
/s eventually[19,inf] ( x_0 >= -0.2525 ) s
/s eventually[19,inf] ( x_0 >= -0.2525 ) s
/s eventually[19,inf] ( x_0 >= -0.2525 ) s
Current seed:  597
Accuracy:  1.0 Precision:  1.0 Recall:  1.0 Misclassification Rate:  0.0
Best formula:  always[5,inf] ( x_0 >= -25.129 ) obj value:  7.68507719039917
Best formula with scaled parameters:  always[1,inf] ( x_0 >= -22.8132 )
Execution time = 00:04:29
/s eventually[19,inf] ( x_0 >= 0.4295 ) s
/s eventually[19,inf] ( x_0 >= 0.4295 ) s
/s eventually[19,inf] ( ( x_0 >= 0.4225 or x_0 >= 0.4225 ) ) s
/s eventually[19,inf] ( ( x_0 >= 0.4225 or x_0 >= 0.4225 ) ) s
/s eventually[19,inf] ( ( x_0 >= 0.4225 or x_0 >= 0.4225 ) ) s
/s eventually[19,inf] ( ( x_0 >= 0.4225 or x_0 >= 0.4225 ) ) s
/s eventually[19,inf] ( ( x_0 >= 0.4225 or x_0 >= 0.4225 ) ) s
/s eventually[19,inf] ( ( x_0 >= 0.4225 or x_0 >= 0.4225 ) ) s
/s eventually[19,inf] ( ( x_0 >= 0.4225 or x_0 >= 0.4225 ) ) s
/s eventually[19,inf] ( ( x_0 >= 0.4225 or x_0 >= 0.4225 ) ) s
Current seed:  597
Accuracy:  1.0 Precision:  1.0 Recall:  1.0 Misclassification Rate:  0.0
Best formula:  eventually ( x_0 >= 6.8277 ) obj value:  7.646090984344482
Best formula with scaled parameters:  eventually ( x_0 >= 6.2587 )
Execution time = 00:04:30
/s eventually[19,inf] ( ( x_0 >= 0.7295 or x_0 >= 0.7295 ) ) s
/s eventually[19,inf] ( ( x_0 >= 0.7295 or x_0 >= 0.7295 ) ) s
/s eventually[19,inf] ( ( x_0 >= 0.4295 or x_0 >= 0.4225 ) ) s
/s eventually[19,inf] ( ( x_0 >= 0.7295 or x_0 >= 0.7295 ) ) s
/s eventually[19,inf] ( ( x_0 >= 0.7295 or x_0 >= 0.7295 ) ) s
/s eventually[19,inf] ( ( x_0 >= 0.7295 or x_0 >= 0.7295 ) ) s
/s eventually[19,21] ( ( x_0 >= 0.4292 or x_0 >= 0.4225 ) ) s
/s eventually[19,21] ( ( x_0 >= 0.4292 or x_0 >= 0.4225 ) ) s
/s eventually[19,21] ( ( x_0 >= 0.7295 or x_1 >= -1.0222 ) ) s
/s eventually[19,21] ( ( x_0 >= 0.7295 or x_0 >= 0.7295 ) ) s
Current seed:  231
Accuracy:  1.0 Precision:  1.0 Recall:  1.0 Misclassification Rate:  0.0
Best formula:  eventually[19,inf] ( ( x_0 >= 10.9134 or x_0 >= 10.9134 ) ) obj value:  8.337908744812012
Best formula with scaled parameters:  eventually[3,inf] ( ( x_0 >= 10.3801 or x_0 >= 10.3801 ) )
Execution time = 00:04:30
/s eventually[19,inf] ( ( x_0 >= 0.3225 or x_0 >= 0.4225 ) ) s
/s eventually[19,inf] ( ( x_0 >= 0.3225 or x_0 >= 0.3225 ) ) s
/s eventually[19,inf] ( ( x_0 >= 0.3225 or x_0 >= 0.3225 ) ) s
/s eventually[19,inf] ( ( x_0 >= 0.3225 or x_0 >= 0.3225 ) ) s
/s eventually[19,inf] ( ( x_0 >= 0.3225 or x_0 >= 0.3225 ) ) s
/s eventually[19,inf] ( ( x_0 >= 0.3225 or x_0 >= 0.3225 ) ) s
/s eventually[19,inf] ( ( x_0 >= 0.3225 or x_0 >= 0.3225 ) ) s
/s eventually[19,inf] ( ( x_0 >= 0.3225 or x_0 >= 0.4225 ) ) s
/s eventually[19,inf] ( ( x_0 >= 0.3225 or x_0 >= 0.3225 ) ) s
/s eventually[19,inf] ( ( x_0 >= 0.3225 or x_0 >= 0.3225 ) ) s
Current seed:  231
Accuracy:  0.975 Precision:  0.9643 Recall:  1.0 Misclassification Rate:  0.025
Best formula:  always[2,inf] ( x_0 >= -8.0739 ) obj value:  7.664766311645508
Best formula with scaled parameters:  always[0,inf] ( x_0 >= -6.7625 )
Execution time = 00:04:30
/s eventually[19,inf] ( x_0 >= 0.5295 ) s
/s eventually[19,inf] ( x_0 >= 0.5295 ) s
/s eventually[19,inf] ( x_0 >= 0.5295 ) s
/s eventually[19,inf] ( x_0 >= 0.4295 ) s
/s eventually[19,inf] ( x_0 >= 0.4295 ) s
/s eventually[19,inf] ( x_0 >= 0.4295 ) s
/s eventually[19,inf] ( x_0 >= 0.4295 ) s
/s eventually[19,inf] ( x_0 >= 0.4295 ) s
/s eventually[19,inf] ( x_0 >= 0.4295 ) s
/s eventually[19,inf] ( x_0 >= 0.4295 ) s
Current seed:  231
Accuracy:  0.975 Precision:  0.9412 Recall:  1.0 Misclassification Rate:  0.025
Best formula:  always ( always[13,16] ( x_0 >= -5.1669 ) ) obj value:  7.796510219573975
Best formula with scaled parameters:  always ( always[2,3] ( x_0 >= -4.4822 ) )
Execution time = 00:04:29
/s eventually[19,inf] ( x_0 >= -0.2525 ) s
/s eventually[19,inf] ( x_0 >= -0.2525 ) s
/s eventually[19,inf] ( x_0 >= -0.2525 ) s
/s eventually[19,inf] ( x_0 >= -0.2525 ) s
/s eventually[19,inf] ( x_0 >= -0.2525 ) s
/s eventually[19,inf] ( x_0 >= -0.2525 ) s
/s eventually[19,inf] ( x_0 >= -0.2525 ) s
/s eventually[19,inf] ( x_0 >= -0.2525 ) s
/s eventually[19,inf] ( x_0 >= -0.2525 ) s
/s eventually[19,inf] ( x_0 >= -0.2525 ) s
Current seed:  231
Accuracy:  0.875 Precision:  0.8077 Recall:  1.0 Misclassification Rate:  0.125
Best formula:  always[0,inf] ( x_0 >= -5.3061 ) obj value:  8.54463005065918
Best formula with scaled parameters:  always[0,inf] ( x_0 >= -4.348 )
Execution time = 00:04:29
/s always[19,inf] ( x_0 >= -0.2225 ) s
/s eventually[19,inf] ( x_0 >= -0.2225 ) s
/s eventually[19,21] ( ( x_0 >= -0.1225 until[19,21] x_0 >= -0.0222 ) ) s
/s eventually[19,21] ( ( x_0 >= -0.1225 until[19,21] x_0 >= -0.0222 ) ) s
/s eventually[19,21] ( ( x_0 >= -0.2222 until[19,21] x_0 >= -0.2222 ) ) s
/s always[19,inf] ( x_0 >= -0.1525 ) s
/s always[19,inf] ( x_0 >= -0.1525 ) s
/s eventually[19,21] ( ( x_0 >= -0.1225 until[19,21] x_0 >= -0.0222 ) ) s
/s eventually[19,21] ( ( x_0 >= -0.1225 until[19,21] x_0 >= -0.0222 ) ) s
/s eventually[19,21] ( ( x_0 >= -0.1225 until[19,21] x_0 >= -0.0222 ) ) s
Current seed:  231
Accuracy:  1.0 Precision:  1.0 Recall:  1.0 Misclassification Rate:  0.0
Best formula:  always ( x_0 >= -16.9675 ) obj value:  7.061645984649658
Best formula with scaled parameters:  always ( x_0 >= -15.8837 )
Execution time = 00:04:29
/s eventually[19,inf] ( x_0 >= 0.3225 ) s
/s eventually[19,inf] ( x_0 >= -0.2525 ) s
/s eventually[19,inf] ( x_0 >= -0.2525 ) s
/s eventually[19,inf] ( x_0 >= -0.2525 ) s
/s eventually[19,inf] ( x_0 >= -0.2525 ) s
/s eventually[19,inf] ( x_0 >= -0.2525 ) s
/s eventually[19,inf] ( x_0 >= -0.2525 ) s
/s eventually[19,inf] ( x_0 >= -0.1525 ) s
/s eventually[19,inf] ( x_0 >= -0.1525 ) s
/s eventually[19,inf] ( x_0 >= -0.1525 ) s
Current seed:  91
Accuracy:  1.0 Precision:  1.0 Recall:  1.0 Misclassification Rate:  0.0
Best formula:  always ( x_0 >= -19.7239 ) obj value:  7.179658889770508
Best formula with scaled parameters:  always ( x_0 >= -18.4162 )
Execution time = 00:04:29
/s eventually[19,inf] ( x_0 >= 0.5295 ) s
/s eventually[19,inf] ( x_0 >= 0.5295 ) s
/s eventually[19,inf] ( x_0 >= 0.5295 ) s
/s eventually[19,inf] ( x_0 >= 0.5295 ) s
/s eventually[19,inf] ( x_0 >= 0.5295 ) s
/s eventually[19,inf] ( x_0 >= 0.5295 ) s
/s eventually[19,inf] ( x_0 >= 0.5295 ) s
/s eventually[19,inf] ( x_0 >= 0.5295 ) s
/s eventually[19,inf] ( ( x_0 >= 0.4295 or x_0 >= 0.5225 ) ) s
/s eventually[19,inf] ( ( x_0 >= 0.4295 or x_0 >= 0.5225 ) ) s
Current seed:  91
Accuracy:  1.0 Precision:  1.0 Recall:  1.0 Misclassification Rate:  0.0
Best formula:  eventually[19,inf] ( x_0 >= 9.6849 ) obj value:  8.218159675598145
Best formula with scaled parameters:  eventually[3,inf] ( x_0 >= 8.7926 )
Execution time = 00:04:29
/s always[19,inf] ( ( x_0 >= 0.6295 until[19,21] x_0 >= 0.7255 ) ) s
/s always[19,inf] ( ( x_0 >= 0.629 until[19,21] x_0 >= 0.7255 ) ) s
/s always[19,inf] ( ( x_0 >= 0.6295 until[19,21] x_0 >= 0.7255 ) ) s
/s always[19,inf] ( ( x_0 >= 0.629 until[19,21] x_0 >= 0.7255 ) ) s
/s always[19,inf] ( ( x_0 >= 0.629 until[19,21] x_0 >= 0.7255 ) ) s
/s always[19,inf] ( ( x_0 >= 0.6295 until[19,21] x_0 >= 0.7255 ) ) s
/s always[19,inf] ( ( x_0 >= 0.629 until[19,21] x_0 >= 0.7255 ) ) s
/s always[19,inf] ( ( x_0 >= 0.7295 until[19,21] x_0 >= 0.7255 ) ) s
/s always[19,inf] ( ( x_0 >= 0.7295 until[19,21] x_0 >= 0.7225 ) ) s
/s always[19,inf] ( ( x_0 >= 0.7295 until[19,21] x_0 >= 0.7225 ) ) s
Current seed:  91
Accuracy:  0.6 Precision:  0.5 Recall:  1.0 Misclassification Rate:  0.4
Best formula:  eventually[13,inf] ( not ( x_0 <= 0.1737 ) ) obj value:  5.594106197357178
Best formula with scaled parameters:  eventually[2,inf] ( not ( x_0 <= 0.1737 ) )
Execution time = 00:04:31
/s eventually[19,inf] ( x_0 >= -0.3055 ) s
/s eventually[19,inf] ( x_0 >= -0.4295 ) s
/s eventually[19,inf] ( x_0 >= -0.4295 ) s
/s eventually[19,inf] ( x_0 >= -0.3055 ) s
/s eventually[19,inf] ( x_0 >= -0.4295 ) s
/s eventually[19,inf] ( x_0 >= -0.2525 ) s
/s eventually[19,21] ( ( x_0 >= -0.4222 or x_0 >= -0.4225 ) ) s
/s eventually[19,21] ( ( x_0 >= -0.4222 or x_0 >= -0.4225 ) ) s
/s eventually[15,inf] ( x_0 >= -0.4295 ) s
/s eventually[19,inf] ( x_0 >= -0.4295 ) s
Current seed:  91
Accuracy:  0.975 Precision:  0.9565 Recall:  1.0 Misclassification Rate:  0.025
Best formula:  always[6,inf] ( x_0 >= -7.8886 ) obj value:  8.48132610321045
Best formula with scaled parameters:  always[1,inf] ( x_0 >= -7.1657 )
Execution time = 00:04:28
/s eventually[19,inf] ( x_0 >= 0.4295 ) s
/s eventually[19,inf] ( x_0 >= 0.4295 ) s
/s eventually[19,inf] ( x_0 >= 0.4295 ) s
/s eventually[19,inf] ( x_0 >= 0.3295 ) s
/s eventually[19,inf] ( x_0 >= 0.3295 ) s
/s eventually[19,inf] ( x_0 >= 0.3295 ) s
/s eventually[19,inf] ( x_0 >= 0.3295 ) s
/s eventually[19,inf] ( x_0 >= 0.3295 ) s
/s eventually[19,inf] ( x_0 >= 0.3295 ) s
/s eventually[19,inf] ( x_0 >= 0.3295 ) s
Current seed:  91
Accuracy:  0.975 Precision:  0.96 Recall:  1.0 Misclassification Rate:  0.025
Best formula:  always[1,inf] ( x_0 >= -7.4053 ) obj value:  7.737902641296387
Best formula with scaled parameters:  always[0,inf] ( x_0 >= -6.3471 )
Execution time = 00:04:29
DONE!
