Loading python/3.11.6--gcc--8.5.0
  Loading requirement: bzip2/1.0.8-gp5wcz5 libmd/1.0.4-wja3f5q
    libbsd/0.11.7-cgxjopl expat/2.5.0-bptl3xw ncurses/6.4-asx3jea
    readline/8.2-nyw6mp6 gdbm/1.23-fs6otck libiconv/1.17-d7yvx2s
    xz/5.4.1-hubmwr5 zlib-ng/2.1.4-6htiapk libxml2/2.10.3-5eeeokp
    pigz/2.7-bopr5vp zstd/1.5.5-gawytfl tar/1.34-amqus5s gettext/0.22.3-2g7elif
    libffi/3.4.4-6r7brdq libxcrypt/4.4.35-ss2rzin sqlite/3.43.2
    util-linux-uuid/2.38.1-jkdi7kv
Running on  nodes
---------------------------------------------
SLURM job ID:        13876471
SLURM job node list: lrdn3386
DATE:                Thu Mar 13 22:43:33 CET 2025
---------------------------------------------
Detected kernel version 4.18.0, which is below the recommended minimum of 5.5.0; this can cause the process to hang. It is recommended to upgrade the kernel to the minimum version or higher.
Running on cuda
tensor([[0.2891, 0.3891, 0.2112, 0.1186, 0.0694, 0.4597, 0.2484, 0.2774, 0.1441,
         0.4683, 0.4434, 0.2694, 0.0508, 0.0317, 0.1887, 0.2679, 0.0526, 0.4109,
         0.2008, 0.3540, 0.2944, 0.2681, 0.1487, 0.1759, 0.0131, 0.0995, 0.4608,
         0.4641, 0.2360, 0.0952, 0.2184, 0.3385, 0.2435, 0.0593, 0.3148, 0.3075,
         0.4269, 0.3814, 0.0089, 0.3589, 0.4318, 0.1088, 0.3537, 0.3449, 0.2683,
         0.1070, 0.2294, 0.1100, 0.3027, 0.3429, 0.3704, 0.3632, 0.0238, 0.0830,
         0.4651, 0.4436, 0.3206, 0.0006, 0.0556, 0.4083, 0.2171, 0.4663, 0.2192,
         0.4651, 0.4821, 0.4991, 0.2940, 0.0306, 0.2883, 0.3565, 0.3678, 0.0682,
         0.1828, 0.3135, 0.4006, 0.2465, 0.4349, 0.0608, 0.0372, 0.4507, 0.1566,
         0.3199, 0.2031, 0.3846, 0.0536, 0.4900, 0.3008, 0.2403, 0.2346, 0.0615,
         0.2667, 0.4679, 0.0897, 0.3933, 0.3678, 0.2472, 0.1318, 0.4344, 0.0415,
         0.1710, 0.3820, 0.3112, 0.0553, 0.1036, 0.4043, 0.4803, 0.2430, 0.4906,
         0.4801, 0.1182, 0.1189, 0.3497, 0.0481, 0.3874, 0.3610, 0.2763, 0.4818,
         0.0500, 0.0479, 0.0998, 0.1398, 0.2525, 0.0316, 0.0878, 0.3833, 0.3172,
         0.4997, 0.2883, 0.4313, 0.0517, 0.3556, 0.4038, 0.2643, 0.2309, 0.2015,
         0.3667, 0.2670, 0.2519, 0.3832, 0.1001, 0.0854, 0.1736, 0.3798, 0.1080,
         0.1758, 0.4582, 0.1560, 0.4512, 0.4810, 0.0192, 0.0955, 0.3795, 0.3001,
         0.3906, 0.2504, 0.4372, 0.3627, 0.4118, 0.1889, 0.2473, 0.0661, 0.0636,
         0.0840, 0.0874, 0.3825, 0.1825, 0.0846, 0.0121, 0.4686, 0.0066, 0.0591,
         0.3805, 0.4537, 0.1570, 0.0906, 0.3392, 0.4747, 0.0395, 0.1697, 0.4918,
         0.1793, 0.4595, 0.0496, 0.4726, 0.2242, 0.2762, 0.1194, 0.4714, 0.3911,
         0.4668, 0.4482, 0.2552, 0.3692, 0.4207, 0.1754, 0.2177, 0.1208, 0.2027,
         0.2689, 0.4880, 0.4488, 0.4655, 0.4878, 0.2240, 0.4677, 0.2688, 0.4125,
         0.0864, 0.2854, 0.0415, 0.2297, 0.4861, 0.4589, 0.4526, 0.4001, 0.0900,
         0.1746, 0.4106, 0.1627, 0.3265, 0.0833, 0.2957, 0.0829, 0.1748, 0.3662,
         0.4292, 0.0175, 0.1765, 0.3843, 0.0837, 0.1830, 0.1065, 0.3959, 0.0588,
         0.4881, 0.4822, 0.0659, 0.3021, 0.3050, 0.1090, 0.0598, 0.3405, 0.3246,
         0.1843, 0.3935, 0.0929, 0.4784, 0.0491, 0.3812, 0.0119, 0.3180, 0.3098,
         0.3628, 0.1377, 0.2118, 0.4424, 0.3096, 0.0907, 0.4469, 0.1005, 0.0152,
         0.3044, 0.4754, 0.0946, 0.4881, 0.2989, 0.3849, 0.3955, 0.0801, 0.3937,
         0.0598, 0.0264, 0.2703, 0.1663, 0.4305, 0.2900, 0.2517, 0.1247, 0.1558,
         0.0122, 0.3318, 0.4475, 0.4938, 0.3307, 0.4259, 0.0231, 0.4751, 0.0138,
         0.2154, 0.1121, 0.4225, 0.4539, 0.4618, 0.2744, 0.2168, 0.0935, 0.2337,
         0.3826, 0.4040, 0.3451, 0.2901, 0.3931, 0.2703, 0.0593, 0.4615, 0.0265,
         0.1673, 0.4137, 0.3498, 0.2404, 0.0878, 0.0694, 0.1620, 0.4129, 0.3337,
         0.3806, 0.4776, 0.0175, 0.3850, 0.4781, 0.3353, 0.3720, 0.3940, 0.1009,
         0.0183, 0.1339, 0.0924, 0.2558, 0.2507, 0.1880, 0.2554, 0.0679, 0.3059,
         0.3285, 0.0028, 0.3150, 0.1068, 0.2118, 0.1165, 0.4747, 0.4042, 0.3922,
         0.2507, 0.3944, 0.2121, 0.2145, 0.1862, 0.0788, 0.3644, 0.4321, 0.4975,
         0.3732, 0.1160, 0.0163, 0.0652, 0.0507, 0.0990, 0.0916, 0.1164, 0.4628,
         0.1556, 0.1852, 0.1212, 0.2887, 0.3294, 0.2247, 0.3968, 0.1678, 0.3216,
         0.2063, 0.1016, 0.0992, 0.1084, 0.2636, 0.1924, 0.2083, 0.4567, 0.1479,
         0.3289, 0.2694, 0.3470, 0.1796, 0.4171, 0.4396, 0.0665, 0.3348, 0.3593,
         0.4723, 0.0026, 0.2924, 0.0389, 0.1214, 0.0940, 0.3066, 0.3541, 0.4814,
         0.3728, 0.1198, 0.3605, 0.1398, 0.4851, 0.2406, 0.3210, 0.3669, 0.3233,
         0.3113, 0.4987, 0.1390, 0.0864, 0.0690, 0.4594, 0.4730, 0.0220, 0.4008,
         0.2354, 0.2504, 0.3916, 0.1676, 0.4421, 0.2569, 0.3258, 0.2486, 0.2313,
         0.4085, 0.1415, 0.0905, 0.3198, 0.3491, 0.4092, 0.3612, 0.1777, 0.4941,
         0.1735, 0.4948, 0.0421, 0.0754, 0.3106, 0.0934, 0.4312, 0.3399, 0.1531,
         0.1050, 0.0574, 0.3062, 0.0204, 0.0858, 0.0544, 0.4868, 0.1977, 0.3264,
         0.1840, 0.3598, 0.0582, 0.1309, 0.1568, 0.0369, 0.4058, 0.2441, 0.2190,
         0.0313, 0.1018, 0.4639, 0.1694, 0.0029, 0.4149, 0.0380, 0.0896, 0.0821,
         0.1639, 0.3380, 0.1572, 0.1365, 0.3566, 0.3156, 0.0820, 0.0248, 0.4490,
         0.3217, 0.0182, 0.2806, 0.0141, 0.2921, 0.1298, 0.3427, 0.1717, 0.4736,
         0.1852, 0.0733, 0.2396, 0.2209, 0.0752, 0.3004, 0.1923, 0.2530, 0.2706,
         0.4613, 0.0801, 0.4301, 0.4021, 0.4462, 0.0312, 0.4571, 0.3955, 0.2291,
         0.4470, 0.2765, 0.0458, 0.0034, 0.2119, 0.2987, 0.0080, 0.2398]],
       device='cuda:0')
/s2222222222222222222222222222222222222222222222222222222222222222222222222222222222222222222222222222222222222222222222222222222222222222222222222222222222222222222222222222222222222222222222222222222222222222222222222222222222222222222222222222222222222222222222222222222222222222222222222222222222222222222222222222222222222222222222222222222222222222222222222222222222222222222222222222222222222222222222222222222222222222222222222222222222222222222222222222222222222222222222222222222222222222222s
22222222222222222222222222222222222222222222222222222222222222222222222222222222222222222222222222222222222222222222222222222222222222222222222222222222222222222222222222222222222222222222222222222222222222222222222222222222222222222222222222222222222222222222222222222222222222222222222222222222222222222222222222222222222222222222222222222222222222222222222222222222222222222222222222222222222222222222222222222222222222222222222222222222222222222222222222222222222222222222222222222222222222222
Traceback (most recent call last):
  File "/leonardo/home/userexternal/scanduss/transformers/src/transformers/models/stldec/mining_train_512.py", line 269, in <module>
    candidates_x, new_phis = custom_search(candidates_x, train_dataset, index_folder, topk, n_neigh, dev,
                             ^^^^^^^^^^^^^^^^^^^^^^^^^^^^^^^^^^^^^^^^^^^^^^^^^^^^^^^^^^^^^^^^^^^^^^^^^^^^
  File "/leonardo/home/userexternal/scanduss/transformers/src/transformers/models/stldec/mining_train_512.py", line 153, in custom_search
    retrieved = [[from_string_to_formula(retrieved_str)]]
                  ^^^^^^^^^^^^^^^^^^^^^^^^^^^^^^^^^^^^^
  File "/leonardo/home/userexternal/scanduss/transformers/src/transformers/models/stldec/utils3.py", line 44, in from_string_to_formula
    assert (root_op_str.startswith('not') or root_op_str.startswith('eventually')
AssertionError
srun: error: lrdn3386: task 0: Exited with exit code 1
DONE!
